# JRE version: OpenJDK Runtime Environment (10.0.2+13) (build 10.0.2+13-Ubuntu-1ubuntu0.18.04.4)
# Java VM: OpenJDK 64-Bit Server VM (10.0.2+13-Ubuntu-1ubuntu0.18.04.4, mixed mode, tiered, compressed oops, g1 gc, linux-amd64)
Heap:
 garbage-first heap   total 418816K, used 141210K [0x00000000c0000000, 0x0000000100000000)
  region size 1024K, 16 young (16384K), 16 survivors (16384K)
 Metaspace       used 87067K, capacity 89048K, committed 89556K, reserved 1128448K
  class space    used 10207K, capacity 10956K, committed 10964K, reserved 1048576K
GC Heap History (10 events):
Event: 210,998 GC heap after
{Heap after GC invocations=67 (full 0):
 garbage-first heap   total 291840K, used 132529K [0x00000000c0000000, 0x0000000100000000)
  region size 1024K, 11 young (11264K), 11 survivors (11264K)
 Metaspace       used 86915K, capacity 88845K, committed 89556K, reserved 1128448K
  class space    used 10207K, capacity 10956K, committed 10964K, reserved 1048576K
}
Event: 211,729 GC heap before
{Heap before GC invocations=67 (full 0):
 garbage-first heap   total 291840K, used 248241K [0x00000000c0000000, 0x0000000100000000)
  region size 1024K, 124 young (126976K), 11 survivors (11264K)
 Metaspace       used 86924K, capacity 88845K, committed 89556K, reserved 1128448K
  class space    used 10207K, capacity 10956K, committed 10964K, reserved 1048576K
}
Event: 211,825 GC heap after
{Heap after GC invocations=68 (full 0):
 garbage-first heap   total 349184K, used 134554K [0x00000000c0000000, 0x0000000100000000)
  region size 1024K, 9 young (9216K), 9 survivors (9216K)
 Metaspace       used 86924K, capacity 88845K, committed 89556K, reserved 1128448K
  class space    used 10207K, capacity 10956K, committed 10964K, reserved 1048576K
}
Event: 212,786 GC heap before
{Heap before GC invocations=68 (full 0):
 garbage-first heap   total 349184K, used 271770K [0x00000000c0000000, 0x0000000100000000)
  region size 1024K, 143 young (146432K), 9 survivors (9216K)
 Metaspace       used 86967K, capacity 88915K, committed 89556K, reserved 1128448K
  class space    used 10207K, capacity 10956K, committed 10964K, reserved 1048576K
}
Event: 212,826 GC heap after
{Heap after GC invocations=69 (full 0):
 garbage-first heap   total 349184K, used 134554K [0x00000000c0000000, 0x0000000100000000)
  region size 1024K, 9 young (9216K), 9 survivors (9216K)
 Metaspace       used 86967K, capacity 88915K, committed 89556K, reserved 1128448K
  class space    used 10207K, capacity 10956K, committed 10964K, reserved 1048576K
}
Event: 214,711 GC heap before
{Heap before GC invocations=69 (full 0):
 garbage-first heap   total 349184K, used 286106K [0x00000000c0000000, 0x0000000100000000)
  region size 1024K, 153 young (156672K), 9 survivors (9216K)
 Metaspace       used 87018K, capacity 88981K, committed 89556K, reserved 1128448K
  class space    used 10207K, capacity 10956K, committed 10964K, reserved 1048576K
}
Event: 214,766 GC heap after
{Heap after GC invocations=70 (full 0):
 garbage-first heap   total 349184K, used 136090K [0x00000000c0000000, 0x0000000100000000)
  region size 1024K, 11 young (11264K), 11 survivors (11264K)
 Metaspace       used 87018K, capacity 88981K, committed 89556K, reserved 1128448K
  class space    used 10207K, capacity 10956K, committed 10964K, reserved 1048576K
}
Event: 216,148 GC heap before
{Heap before GC invocations=70 (full 0):
 garbage-first heap   total 349184K, used 286618K [0x00000000c0000000, 0x0000000100000000)
  region size 1024K, 158 young (161792K), 11 survivors (11264K)
 Metaspace       used 87043K, capacity 89047K, committed 89556K, reserved 1128448K
  class space    used 10207K, capacity 10956K, committed 10964K, reserved 1048576K
}
Event: 216,233 GC heap after
{Heap after GC invocations=71 (full 0):
 garbage-first heap   total 349184K, used 135066K [0x00000000c0000000, 0x0000000100000000)
  region size 1024K, 10 young (10240K), 10 survivors (10240K)
 Metaspace       used 87043K, capacity 89047K, committed 89556K, reserved 1128448K
  class space    used 10207K, capacity 10956K, committed 10964K, reserved 1048576K
}
Event: 217,410 GC heap before
{Heap before GC invocations=71 (full 0):
 garbage-first heap   total 349184K, used 295834K [0x00000000c0000000, 0x0000000100000000)
  region size 1024K, 167 young (171008K), 10 survivors (10240K)
 Metaspace       used 87067K, capacity 89048K, committed 89556K, reserved 1128448K
  class space    used 10207K, capacity 10956K, committed 10964K, reserved 1048576K
}

